\BOOKMARK [1][-]{table.caption.2}{\376\377\000L\036\335\000i\000\040\000n\000\363\000i\000\040\001\021\036\247\000u}{}% 1
\BOOKMARK [1][-]{section.1}{\376\377\000D\000a\000n\000h\000\040\000s\000\341\000c\000h\000\040\000t\000h\000\340\000n\000h\000\040\000v\000i\000\352\000n\000\040\000\046\000\040\000P\000h\000\342\000n\000\040\000c\000h\000i\000a\000\040\000c\000\364\000n\000g\000\040\000v\000i\036\307\000c}{}% 2
\BOOKMARK [1][-]{section.2}{\376\377\000G\000i\036\333\000i\000\040\000t\000h\000i\036\307\000u\000\040\000d\036\361\000\040\000\341\000n}{}% 3
\BOOKMARK [1][-]{section.3}{\376\377\000T\036\325\000n\000g\000\040\000q\000u\000a\000n\000\040\000c\000\364\000n\000g\000\040\000v\000i\036\307\000c}{}% 4
\BOOKMARK [2][-]{subsection.3.1}{\376\377\000G\000i\036\333\000i\000\040\000t\000h\000i\036\307\000u\000\040\000v\036\301\000\040\000p\000h\001\260\001\241\000n\000g\000\040\000p\000h\000\341\000p\000\040\000l\000u\036\255\000n}{section.3}% 5
\BOOKMARK [2][-]{subsection.3.2}{\376\377\000P\000h\001\260\001\241\000n\000g\000\040\000p\000h\000\341\000p\000\040\000t\000i\036\277\000p\000\040\000c\036\255\000n}{section.3}% 6
\BOOKMARK [2][-]{subsection.3.3}{\376\377\000C\000\341\000c\000\040\000k\036\371\000\040\000t\000h\000u\036\255\000t\000\040\000s\036\355\000\040\000d\036\345\000n\000g}{section.3}% 7
\BOOKMARK [2][-]{subsection.3.4}{\376\377\001\020\000\341\000n\000h\000\040\000g\000i\000\341\000\040\000v\000\340\000\040\000k\000i\036\303\000m\000\040\000c\000h\036\351\000n\000g}{section.3}% 8
\BOOKMARK [2][-]{subsection.3.5}{\376\377\000T\000\355\000n\000h\000\040\000m\036\333\000i\000\040\000v\000\340\000\040\001\021\000\363\000n\000g\000\040\000g\000\363\000p}{section.3}% 9
\BOOKMARK [1][-]{section.4}{\376\377\000C\001\241\000\040\000s\036\337\000\040\000l\000\375\000\040\000t\000h\000u\000y\036\277\000t}{}% 10
\BOOKMARK [2][-]{subsection.4.1}{\376\377\000T\036\325\000n\000g\000\040\000q\000u\000a\000n\000\040\000v\036\301\000\040\000h\036\315\000c\000\040\000m\000\341\000y\000\040\000v\000\340\000\040\000p\000h\000\342\000n\000\040\000l\036\333\000p\000\040\000d\036\357\000\040\000l\000i\036\307\000u}{section.4}% 11
\BOOKMARK [2][-]{subsection.4.2}{\376\377\000C\000\341\000c\000\040\000t\000h\000u\036\255\000t\000\040\000t\000o\000\341\000n\000\040\000h\036\315\000c\000\040\000m\000\341\000y}{section.4}% 12
\BOOKMARK [3][-]{subsubsection.4.2.1}{\376\377\000H\036\323\000i\000\040\000q\000u\000y\000\040\000L\000o\000g\000i\000s\000t\000i\000c\000\040\000\050\000L\000o\000g\000i\000s\000t\000i\000c\000\040\000R\000e\000g\000r\000e\000s\000s\000i\000o\000n\000\051}{subsection.4.2}% 13
\BOOKMARK [3][-]{subsubsection.4.2.2}{\376\377\000K\000-\000N\000e\000a\000r\000e\000s\000t\000\040\000N\000e\000i\000g\000h\000b\000o\000r\000s\000\040\000\050\000K\000N\000N\000\051}{subsection.4.2}% 14
\BOOKMARK [3][-]{subsubsection.4.2.3}{\376\377\000C\000\342\000y\000\040\000q\000u\000y\036\277\000t\000\040\001\021\036\313\000n\000h\000\040\000\050\000D\000e\000c\000i\000s\000i\000o\000n\000\040\000T\000r\000e\000e\000\051}{subsection.4.2}% 15
\BOOKMARK [3][-]{subsubsection.4.2.4}{\376\377\000R\036\353\000n\000g\000\040\000n\000g\036\253\000u\000\040\000n\000h\000i\000\352\000n\000\040\000\050\000R\000a\000n\000d\000o\000m\000\040\000F\000o\000r\000e\000s\000t\000\051}{subsection.4.2}% 16
\BOOKMARK [1][-]{section.5}{\376\377\000P\000r\000e\000p\000r\000o\000c\000e\000s\000s\000i\000n\000g\000\040\000D\000a\000t\000a\000\040\000\050\000T\000i\036\301\000n\000\040\000x\036\355\000\040\000l\000\375\000\040\000d\036\357\000\040\000l\000i\036\307\000u\000\051}{}% 17
\BOOKMARK [2][-]{subsection.5.1}{\376\377\000G\000i\036\333\000i\000\040\000t\000h\000i\036\307\000u\000\040\000c\000h\000u\000n\000g\000\040\000v\036\301\000\040\000v\000a\000i\000\040\000t\000r\000\362\000\040\000c\036\347\000a\000\040\000t\000i\036\301\000n\000\040\000x\036\355\000\040\000l\000\375\000\040\000d\036\357\000\040\000l\000i\036\307\000u}{section.5}% 18
\BOOKMARK [3][-]{subsubsection.5.1.1}{\376\377\000M\036\345\000c\000\040\001\021\000\355\000c\000h\000\040\000c\036\347\000a\000\040\000t\000i\036\301\000n\000\040\000x\036\355\000\040\000l\000\375\000\040\000d\036\357\000\040\000l\000i\036\307\000u}{subsection.5.1}% 19
\BOOKMARK [3][-]{subsubsection.5.1.2}{\376\377\000C\000\341\000c\000\040\000v\036\245\000n\000\040\001\021\036\301\000\040\000t\000h\001\260\036\335\000n\000g\000\040\000g\036\267\000p\000\040\000t\000r\000o\000n\000g\000\040\000d\036\357\000\040\000l\000i\036\307\000u\000\040\000t\000h\000\364}{subsection.5.1}% 20
\BOOKMARK [2][-]{subsection.5.2}{\376\377\000\335\000\040\000n\000g\000h\001\051\000a\000\040\000c\000\341\000c\000\040\000t\000r\001\260\036\335\000n\000g\000\040\000d\036\357\000\040\000l\000i\036\307\000u}{section.5}% 21
\BOOKMARK [2][-]{subsection.5.3}{\376\377\000Q\000u\000\341\000\040\000t\000r\000\354\000n\000h\000\040\000t\000i\036\301\000n\000\040\000x\036\355\000\040\000l\000\375\000\040\000d\036\357\000\040\000l\000i\036\307\000u}{section.5}% 22
\BOOKMARK [1][-]{subsection.5.3}{\376\377\000Q\000u\000\341\000\040\000t\000r\000\354\000n\000h\000\040\000t\000i\036\301\000n\000\040\000x\036\355\000\040\000l\000\375\000\040\000d\036\357\000\040\000l\000i\036\307\000u}{}% 23
\BOOKMARK [2][-]{subsubsection.5.3.1}{\376\377\001\020\036\315\000c\000\040\000v\000\340\000\040\000k\000i\036\303\000m\000\040\000t\000r\000a\000\040\000d\036\357\000\040\000l\000i\036\307\000u}{subsection.5.3}% 24
\BOOKMARK [3][-]{subsubsection.5.3.2}{\376\377\000K\036\371\000\040\000t\000h\000u\036\255\000t\000\040\000b\000i\036\277\000n\000\040\001\021\036\325\000i\000\040\001\021\036\267\000c\000\040\000t\000r\001\260\000n\000g}{subsubsection.5.3.1}% 25
\BOOKMARK [0][-]{subsubsubsection.5.3.2.1}{\376\377\000X\036\355\000\040\000l\000\375\000\040\000c\036\331\000t\000\040\000p\000h\000\342\000n\000\040\000l\000o\036\241\000i\000\040\000\050\000C\000a\000t\000e\000g\000o\000r\000i\000c\000a\000l\000\040\000D\000a\000t\000a\000\051}{}% 26
\BOOKMARK [0][-]{subsubsubsection.5.3.2.2}{\376\377\000X\036\355\000\040\000l\000\375\000\040\000c\036\331\000t\000\040\000s\036\321\000\040\000\050\000N\000u\000m\000e\000r\000i\000c\000a\000l\000\040\000D\000a\000t\000a\000\051\000\040\000-\000\040\000C\000h\000u\036\251\000n\000\040\000h\000\363\000a}{}% 27
\BOOKMARK [1][-]{subsubsection.5.3.3}{\376\377\000P\000h\000\342\000n\000\040\000c\000h\000i\000a\000\040\000d\036\357\000\040\000l\000i\036\307\000u\000\040\000\050\000T\000r\000a\000i\000n\000-\000T\000e\000s\000t\000\040\000S\000p\000l\000i\000t\000\051}{subsubsubsection.5.3.2.2}% 28
\BOOKMARK [1][-]{section.6}{\376\377\000T\000r\036\361\000c\000\040\000q\000u\000a\000n\000\040\000h\000\363\000a\000\040\000D\036\357\000\040\000l\000i\036\307\000u\000\040\000\050\000E\000D\000A\000\051}{subsubsubsection.5.3.2.2}% 29
\BOOKMARK [2][-]{subsection.6.1}{\376\377\000T\000r\036\361\000c\000\040\000q\000u\000a\000n\000\040\000h\000\363\000a\000\040\000p\000h\000\342\000n\000\040\000p\000h\036\321\000i\000\040\000d\036\357\000\040\000l\000i\036\307\000u}{section.6}% 30
\BOOKMARK [2][-]{subsection.6.2}{\376\377\000T\000r\036\361\000c\000\040\000q\000u\000a\000n\000\040\000h\000\363\000a\000\040\000m\036\321\000i\000\040\000q\000u\000a\000n\000\040\000h\036\307\000\040\000g\000i\036\357\000a\000\040\000c\000\341\000c\000\040\000b\000i\036\277\000n\000\040\000s\036\321}{section.6}% 31
\BOOKMARK [3][-]{subsubsection.6.2.1}{\376\377\000M\000a\000\040\000t\000r\036\255\000n\000\040\000t\001\260\001\241\000n\000g\000\040\000q\000u\000a\000n\000\040\000\050\000C\000o\000r\000r\000e\000l\000a\000t\000i\000o\000n\000\040\000H\000e\000a\000t\000m\000a\000p\000\051}{subsection.6.2}% 32
\BOOKMARK [2][-]{subsection.6.3}{\376\377\000T\000r\036\361\000c\000\040\000q\000u\000a\000n\000\040\000h\000\363\000a\000\040\000s\000o\000\040\000s\000\341\000n\000h\000\040\000g\000i\036\357\000a\000\040\000c\000\341\000c\000\040\000n\000h\000\363\000m}{section.6}% 33
\BOOKMARK [1][-]{section.7}{\376\377\000X\000\342\000y\000\040\000d\036\361\000n\000g\000\040\000m\000\364\000\040\000h\000\354\000n\000h\000\040\000d\036\361\000\040\001\021\000o\000\341\000n}{subsubsubsection.5.3.2.2}% 34
\BOOKMARK [2][-]{subsection.7.1}{\376\377\000C\000\341\000c\000\040\001\021\036\241\000i\000\040\000l\001\260\036\343\000n\000g\000\040\001\021\000\341\000n\000h\000\040\000g\000i\000\341\000\040\000m\000\364\000\040\000h\000\354\000n\000h}{section.7}% 35
\BOOKMARK [3][-]{subsubsection.7.1.1}{\376\377\000M\000a\000\040\000t\000r\036\255\000n\000\040\000n\000h\036\247\000m\000\040\000l\036\253\000n\000\040\000\050\000C\000o\000n\000f\000u\000s\000i\000o\000n\000\040\000M\000a\000t\000r\000i\000x\000\051}{subsection.7.1}% 36
\BOOKMARK [3][-]{subsubsection.7.1.2}{\376\377\000A\000c\000c\000u\000r\000a\000c\000y\000\040\000\050\001\020\036\331\000\040\000c\000h\000\355\000n\000h\000\040\000x\000\341\000c\000\051}{subsection.7.1}% 37
\BOOKMARK [3][-]{subsubsection.7.1.3}{\376\377\000P\000r\000e\000c\000i\000s\000i\000o\000n\000\040\000\050\001\020\036\331\000\040\000c\000h\000u\036\251\000n\000\040\000x\000\341\000c\000\051}{subsection.7.1}% 38
\BOOKMARK [3][-]{subsubsection.7.1.4}{\376\377\000R\000e\000c\000a\000l\000l\000\040\000\050\001\020\036\331\000\040\000n\000h\036\241\000y\000\040\000/\000\040\000S\000e\000n\000s\000i\000t\000i\000v\000i\000t\000y\000\051}{subsection.7.1}% 39
\BOOKMARK [3][-]{subsubsection.7.1.5}{\376\377\000F\0001\000-\000S\000c\000o\000r\000e}{subsection.7.1}% 40
\BOOKMARK [2][-]{subsection.7.2}{\376\377\000M\000\364\000\040\000h\000\354\000n\000h\000\040\000H\036\323\000i\000\040\000q\000u\000y\000\040\000L\000o\000g\000i\000s\000t\000i\000c\000\040\000\050\000L\000o\000g\000i\000s\000t\000i\000c\000\040\000R\000e\000g\000r\000e\000s\000s\000i\000o\000n\000\051}{section.7}% 41
\BOOKMARK [3][-]{subsubsection.7.2.1}{\376\377\000C\000\341\000c\000\040\000c\000h\036\311\000\040\000s\036\321\000\040\001\021\000\341\000n\000h\000\040\000g\000i\000\341\000\040\000h\000i\036\307\000u\000\040\000s\000u\036\245\000t\000\040\000m\000\364\000\040\000h\000\354\000n\000h}{subsection.7.2}% 42
\BOOKMARK [3][-]{subsubsection.7.2.2}{\376\377\000T\000r\036\361\000c\000\040\000q\000u\000a\000n\000\040\000h\000\363\000a\000\040\000k\036\277\000t\000\040\000q\000u\036\243}{subsection.7.2}% 43
\BOOKMARK [2][-]{subsection.7.3}{\376\377\000M\000\364\000\040\000h\000\354\000n\000h\000\040\000K\000-\000N\000e\000a\000r\000e\000s\000t\000\040\000N\000e\000i\000g\000h\000b\000o\000r\000s\000\040\000\050\000K\000N\000N\000\051}{section.7}% 44
\BOOKMARK [3][-]{subsubsection.7.3.1}{\376\377\000T\000h\000\364\000n\000g\000\040\000s\036\321\000\040\000v\000\340\000\040\000h\000i\036\307\000u\000\040\000s\000u\036\245\000t\000\040\000m\000\364\000\040\000h\000\354\000n\000h\000\040\000K\000N\000N}{subsection.7.3}% 45
\BOOKMARK [3][-]{subsubsection.7.3.2}{\376\377\000T\000r\036\361\000c\000\040\000q\000u\000a\000n\000\040\000h\000\363\000a\000\040\000k\036\277\000t\000\040\000q\000u\036\243\000\040\000m\000\364\000\040\000h\000\354\000n\000h\000\040\000K\000N\000N}{subsection.7.3}% 46
\BOOKMARK [2][-]{subsection.7.4}{\376\377\000M\000\364\000\040\000h\000\354\000n\000h\000\040\000C\000\342\000y\000\040\000Q\000u\000y\036\277\000t\000\040\001\021\036\313\000n\000h\000\040\000\050\000D\000e\000c\000i\000s\000i\000o\000n\000\040\000T\000r\000e\000e\000\051}{section.7}% 47
\BOOKMARK [3][-]{subsubsection.7.4.1}{\376\377\000C\000\341\000c\000\040\000c\000h\036\311\000\040\000s\036\321\000\040\001\021\000\341\000n\000h\000\040\000g\000i\000\341\000\040\000h\000i\036\307\000u\000\040\000s\000u\036\245\000t\000\040\000m\000\364\000\040\000h\000\354\000n\000h}{subsection.7.4}% 48
\BOOKMARK [3][-]{subsubsection.7.4.2}{\376\377\000P\000h\000\342\000n\000\040\000t\000\355\000c\000h\000\040\001\021\036\331\000\040\000q\000u\000a\000n\000\040\000t\000r\036\315\000n\000g\000\040\000c\036\347\000a\000\040\001\021\036\267\000c\000\040\000t\000r\001\260\000n\000g\000\040\000\050\000F\000e\000a\000t\000u\000r\000e\000\040\000I\000m\000p\000o\000r\000t\000a\000n\000c\000e\000s\000\051}{subsection.7.4}% 49
\BOOKMARK [3][-]{subsubsection.7.4.3}{\376\377\000T\000r\036\361\000c\000\040\000q\000u\000a\000n\000\040\000h\000\363\000a\000\040\000k\036\277\000t\000\040\000q\000u\036\243\000\040\000v\000\340\000\040\000c\036\245\000u\000\040\000t\000r\000\372\000c\000\040\000c\000\342\000y}{subsection.7.4}% 50
\BOOKMARK [2][-]{subsection.7.5}{\376\377\000M\000\364\000\040\000h\000\354\000n\000h\000\040\000R\036\353\000n\000g\000\040\000n\000g\036\253\000u\000\040\000n\000h\000i\000\352\000n\000\040\000\050\000R\000a\000n\000d\000o\000m\000\040\000F\000o\000r\000e\000s\000t\000\051}{section.7}% 51
\BOOKMARK [3][-]{subsubsection.7.5.1}{\376\377\000C\000\341\000c\000\040\000c\000h\036\311\000\040\000s\036\321\000\040\001\021\000\341\000n\000h\000\040\000g\000i\000\341\000\040\000h\000i\036\307\000u\000\040\000s\000u\036\245\000t\000\040\000m\000\364\000\040\000h\000\354\000n\000h}{subsection.7.5}% 52
\BOOKMARK [3][-]{subsubsection.7.5.2}{\376\377\000P\000h\000\342\000n\000\040\000t\000\355\000c\000h\000\040\001\021\036\331\000\040\000q\000u\000a\000n\000\040\000t\000r\036\315\000n\000g\000\040\000c\036\347\000a\000\040\001\021\036\267\000c\000\040\000t\000r\001\260\000n\000g\000\040\000\050\000F\000e\000a\000t\000u\000r\000e\000\040\000I\000m\000p\000o\000r\000t\000a\000n\000c\000e\000s\000\051}{subsection.7.5}% 53
\BOOKMARK [3][-]{subsubsection.7.5.3}{\376\377\000T\000r\036\361\000c\000\040\000q\000u\000a\000n\000\040\000h\000\363\000a\000\040\000k\036\277\000t\000\040\000q\000u\036\243}{subsection.7.5}% 54
\BOOKMARK [1][-]{section.8}{\376\377\000S\000o\000\040\000s\000\341\000n\000h\000\040\000v\000\340\000\040\001\021\000\341\000n\000h\000\040\000g\000i\000\341\000\040\000h\000i\036\307\000u\000\040\000s\000u\036\245\000t\000\040\000c\000\341\000c\000\040\000m\000\364\000\040\000h\000\354\000n\000h}{subsubsubsection.5.3.2.2}% 55
\BOOKMARK [2][-]{subsection.8.1}{\376\377\000T\036\325\000n\000g\000\040\000h\036\343\000p\000\040\000k\036\277\000t\000\040\000q\000u\036\243\000\040\001\021\000\341\000n\000h\000\040\000g\000i\000\341\000\040\000h\000i\036\307\000u\000\040\000s\000u\036\245\000t}{section.8}% 56
\BOOKMARK [2][-]{subsection.8.2}{\376\377\000P\000h\000\342\000n\000\040\000t\000\355\000c\000h\000\040\000c\000h\000i\000\040\000t\000i\036\277\000t\000\040\000v\000\340\000\040\000t\000h\036\243\000o\000\040\000l\000u\036\255\000n\000\040\000K\036\277\000t\000\040\000q\000u\036\243}{section.8}% 57
\BOOKMARK [3][-]{subsubsection.8.2.1}{\376\377\000H\036\323\000i\000\040\000q\000u\000y\000\040\000L\000o\000g\000i\000s\000t\000i\000c\000\040\000\050\000L\000o\000g\000i\000s\000t\000i\000c\000\040\000R\000e\000g\000r\000e\000s\000s\000i\000o\000n\000\051}{subsection.8.2}% 58
\BOOKMARK [3][-]{subsubsection.8.2.2}{\376\377\000K\000-\000N\000e\000a\000r\000e\000s\000t\000\040\000N\000e\000i\000g\000h\000b\000o\000r\000s\000\040\000\050\000K\000N\000N\000\051}{subsection.8.2}% 59
\BOOKMARK [3][-]{subsubsection.8.2.3}{\376\377\000C\000\342\000y\000\040\000Q\000u\000y\036\277\000t\000\040\001\021\036\313\000n\000h\000\040\000\050\000D\000e\000c\000i\000s\000i\000o\000n\000\040\000T\000r\000e\000e\000\051}{subsection.8.2}% 60
\BOOKMARK [3][-]{subsubsection.8.2.4}{\376\377\000R\036\353\000n\000g\000\040\000n\000g\036\253\000u\000\040\000n\000h\000i\000\352\000n\000\040\000\050\000R\000a\000n\000d\000o\000m\000\040\000F\000o\000r\000e\000s\000t\000\051}{subsection.8.2}% 61
\BOOKMARK [2][-]{subsection.8.3}{\376\377\000T\000h\036\243\000o\000\040\000l\000u\036\255\000n\000\040\000c\000h\000u\000n\000g\000\040\000v\000\340\000\040\000K\036\277\000t\000\040\000l\000u\036\255\000n\000\040\000\050\000D\000e\000c\000i\000s\000i\000o\000n\000\040\000M\000a\000k\000i\000n\000g\000\051}{section.8}% 62
